25-Oct-2023 14:50:54.100 INFO [main] org.apache.catalina.startup.VersionLoggerListener.log Nombre de la versión del servidor: Apache Tomcat/10.1.15
25-Oct-2023 14:50:54.108 INFO [main] org.apache.catalina.startup.VersionLoggerListener.log Server built:                      Oct 11 2023 23:38:40 UTC
25-Oct-2023 14:50:54.108 INFO [main] org.apache.catalina.startup.VersionLoggerListener.log Número de versión de servidor:     10.1.15.0
25-Oct-2023 14:50:54.108 INFO [main] org.apache.catalina.startup.VersionLoggerListener.log OS Name:                           Windows 10
25-Oct-2023 14:50:54.109 INFO [main] org.apache.catalina.startup.VersionLoggerListener.log Versión de Systema Operativo:      10.0
25-Oct-2023 14:50:54.109 INFO [main] org.apache.catalina.startup.VersionLoggerListener.log Arquitectura:                      amd64
25-Oct-2023 14:50:54.114 INFO [main] org.apache.catalina.startup.VersionLoggerListener.log Java Home:                         C:\Users\Maryury\.jdks\openjdk-21.0.1
25-Oct-2023 14:50:54.114 INFO [main] org.apache.catalina.startup.VersionLoggerListener.log JVM Version:                       21.0.1+12-29
25-Oct-2023 14:50:54.114 INFO [main] org.apache.catalina.startup.VersionLoggerListener.log Vededor JVM:                       Oracle Corporation
25-Oct-2023 14:50:54.115 INFO [main] org.apache.catalina.startup.VersionLoggerListener.log CATALINA_BASE:                     C:\Users\Maryury\IdeaProjects\restaurante-java\src\main\webapp
25-Oct-2023 14:50:54.115 INFO [main] org.apache.catalina.startup.VersionLoggerListener.log CATALINA_HOME:                     C:\Users\Maryury\OneDrive\Documentos\tomcat-10.1.15
25-Oct-2023 14:50:54.167 INFO [main] org.apache.catalina.startup.VersionLoggerListener.log Command line argument:             --add-opens=java.base/java.lang=ALL-UNNAMED
25-Oct-2023 14:50:54.171 INFO [main] org.apache.catalina.startup.VersionLoggerListener.log Command line argument:             --add-opens=java.base/java.io=ALL-UNNAMED
25-Oct-2023 14:50:54.172 INFO [main] org.apache.catalina.startup.VersionLoggerListener.log Command line argument:             --add-opens=java.base/java.util=ALL-UNNAMED
25-Oct-2023 14:50:54.173 INFO [main] org.apache.catalina.startup.VersionLoggerListener.log Command line argument:             --add-opens=java.base/java.util.concurrent=ALL-UNNAMED
25-Oct-2023 14:50:54.173 INFO [main] org.apache.catalina.startup.VersionLoggerListener.log Command line argument:             --add-opens=java.rmi/sun.rmi.transport=ALL-UNNAMED
25-Oct-2023 14:50:54.174 INFO [main] org.apache.catalina.startup.VersionLoggerListener.log Command line argument:             -Dcatalina.home=C:\Users\Maryury\OneDrive\Documentos\tomcat-10.1.15
25-Oct-2023 14:50:54.174 INFO [main] org.apache.catalina.startup.VersionLoggerListener.log Command line argument:             -Dcatalina.base=C:\Users\Maryury\IdeaProjects\restaurante-java\src\main\webapp
25-Oct-2023 14:50:54.176 INFO [main] org.apache.catalina.startup.VersionLoggerListener.log Command line argument:             -Djava.io.tmpdir=C:\Users\Maryury\IdeaProjects\restaurante-java\src\main\webapp\temp
25-Oct-2023 14:50:54.177 INFO [main] org.apache.catalina.startup.VersionLoggerListener.log Command line argument:             -Djava.util.logging.config.file=C:\Users\Maryury\IdeaProjects\restaurante-java\src\main\webapp\conf\logging.properties
25-Oct-2023 14:50:54.177 INFO [main] org.apache.catalina.startup.VersionLoggerListener.log Command line argument:             -Djava.util.logging.manager=org.apache.juli.ClassLoaderLogManager
25-Oct-2023 14:50:54.181 INFO [main] org.apache.catalina.startup.VersionLoggerListener.log Command line argument:             -javaagent:C:\Program Files\JetBrains\IntelliJ IDEA Community Edition 2023.2.4\lib\idea_rt.jar=57728:C:\Program Files\JetBrains\IntelliJ IDEA Community Edition 2023.2.4\bin
25-Oct-2023 14:50:54.181 INFO [main] org.apache.catalina.startup.VersionLoggerListener.log Command line argument:             -Dfile.encoding=UTF-8
25-Oct-2023 14:50:54.181 INFO [main] org.apache.catalina.startup.VersionLoggerListener.log Command line argument:             -Dsun.stdout.encoding=UTF-8
25-Oct-2023 14:50:54.181 INFO [main] org.apache.catalina.startup.VersionLoggerListener.log Command line argument:             -Dsun.stderr.encoding=UTF-8
25-Oct-2023 14:50:54.189 INFO [main] org.apache.catalina.core.AprLifecycleListener.lifecycleEvent Cargada la biblioteca nativa APR de Apache Tomcat [2.0.6] con la versión APR [1.7.4].
25-Oct-2023 14:50:54.199 INFO [main] org.apache.catalina.core.AprLifecycleListener.initializeSSL OpenSSL inicializado correctamente [OpenSSL 3.0.11 19 Sep 2023]
25-Oct-2023 14:50:54.715 INFO [main] org.apache.coyote.AbstractProtocol.init Inicializando el manejador de protocolo ["http-nio-8090"]

25-Oct-2023 14:50:54.739 INFO [main] org.apache.catalina.startup.Catalina.load Server initialization in [1016] milliseconds
25-Oct-2023 14:50:54.810 INFO [main] org.apache.catalina.core.StandardService.startInternal Arrancando servicio [Catalina]
25-Oct-2023 14:50:54.810 INFO [main] org.apache.catalina.core.StandardEngine.startInternal Starting Servlet engine: [Apache Tomcat/10.1.15]
25-Oct-2023 14:50:54.840 INFO [main] org.apache.catalina.startup.HostConfig.deployDescriptor Desplieque del descriptor de configuración [C:\Users\Maryury\IdeaProjects\restaurante-java\src\main\webapp\conf\Catalina\localhost\java.xml]
25-Oct-2023 14:50:55.426 INFO [main] org.apache.catalina.startup.HostConfig.deployDescriptor Deployment of deployment descriptor [C:\Users\Maryury\IdeaProjects\restaurante-java\src\main\webapp\conf\Catalina\localhost\java.xml] has finished in [582] ms
25-Oct-2023 14:50:55.432 INFO [main] org.apache.coyote.AbstractProtocol.start Starting ProtocolHandler ["http-nio-8090"]
25-Oct-2023 14:50:55.470 INFO [main] org.apache.catalina.startup.Catalina.start Server startup in [729] milliseconds
25-Oct-2023 14:50:55.479 SEVERE [main] org.apache.catalina.core.StandardServer.await Failed to create server shutdown socket on address [localhost] and port [8005] (base port [8005] and offset [0])
	java.net.BindException: Address already in use: bind
		at java.base/sun.nio.ch.Net.bind0(Native Method)
		at java.base/sun.nio.ch.Net.bind(Net.java:565)
		at java.base/sun.nio.ch.Net.bind(Net.java:554)
		at java.base/sun.nio.ch.NioSocketImpl.bind(NioSocketImpl.java:636)
		at java.base/java.net.ServerSocket.bind(ServerSocket.java:391)
		at java.base/java.net.ServerSocket.<init>(ServerSocket.java:278)
		at org.apache.catalina.core.StandardServer.await(StandardServer.java:577)
		at org.apache.catalina.startup.Catalina.await(Catalina.java:887)
		at org.apache.catalina.startup.Catalina.start(Catalina.java:833)
		at java.base/jdk.internal.reflect.DirectMethodHandleAccessor.invoke(DirectMethodHandleAccessor.java:103)
		at java.base/java.lang.reflect.Method.invoke(Method.java:580)
		at org.apache.catalina.startup.Bootstrap.start(Bootstrap.java:347)
		at org.apache.catalina.startup.Bootstrap.main(Bootstrap.java:478)
25-Oct-2023 14:50:55.480 INFO [main] org.apache.coyote.AbstractProtocol.pause Pausing ProtocolHandler ["http-nio-8090"]
25-Oct-2023 14:50:55.484 INFO [main] org.apache.catalina.core.StandardService.stopInternal Parando servicio [Catalina]
25-Oct-2023 14:50:55.498 INFO [main] org.apache.coyote.AbstractProtocol.stop Stopping ProtocolHandler ["http-nio-8090"]
25-Oct-2023 14:50:55.511 INFO [main] org.apache.coyote.AbstractProtocol.destroy Destroying ProtocolHandler ["http-nio-8090"]
25-Oct-2023 15:06:26.822 INFO [main] org.apache.catalina.startup.VersionLoggerListener.log Nombre de la versión del servidor: Apache Tomcat/10.1.15
25-Oct-2023 15:06:26.829 INFO [main] org.apache.catalina.startup.VersionLoggerListener.log Server built:                      Oct 11 2023 23:38:40 UTC
25-Oct-2023 15:06:26.829 INFO [main] org.apache.catalina.startup.VersionLoggerListener.log Número de versión de servidor:     10.1.15.0
25-Oct-2023 15:06:26.829 INFO [main] org.apache.catalina.startup.VersionLoggerListener.log OS Name:                           Windows 10
25-Oct-2023 15:06:26.829 INFO [main] org.apache.catalina.startup.VersionLoggerListener.log Versión de Systema Operativo:      10.0
25-Oct-2023 15:06:26.830 INFO [main] org.apache.catalina.startup.VersionLoggerListener.log Arquitectura:                      amd64
25-Oct-2023 15:06:26.830 INFO [main] org.apache.catalina.startup.VersionLoggerListener.log Java Home:                         C:\Users\Maryury\.jdks\openjdk-21.0.1
25-Oct-2023 15:06:26.830 INFO [main] org.apache.catalina.startup.VersionLoggerListener.log JVM Version:                       21.0.1+12-29
25-Oct-2023 15:06:26.830 INFO [main] org.apache.catalina.startup.VersionLoggerListener.log Vededor JVM:                       Oracle Corporation
25-Oct-2023 15:06:26.830 INFO [main] org.apache.catalina.startup.VersionLoggerListener.log CATALINA_BASE:                     C:\Users\Maryury\IdeaProjects\restaurante-java\src\main\webapp
25-Oct-2023 15:06:26.830 INFO [main] org.apache.catalina.startup.VersionLoggerListener.log CATALINA_HOME:                     C:\Users\Maryury\OneDrive\Documentos\tomcat-10.1.15
25-Oct-2023 15:06:26.842 INFO [main] org.apache.catalina.startup.VersionLoggerListener.log Command line argument:             --add-opens=java.base/java.lang=ALL-UNNAMED
25-Oct-2023 15:06:26.842 INFO [main] org.apache.catalina.startup.VersionLoggerListener.log Command line argument:             --add-opens=java.base/java.io=ALL-UNNAMED
25-Oct-2023 15:06:26.842 INFO [main] org.apache.catalina.startup.VersionLoggerListener.log Command line argument:             --add-opens=java.base/java.util=ALL-UNNAMED
25-Oct-2023 15:06:26.842 INFO [main] org.apache.catalina.startup.VersionLoggerListener.log Command line argument:             --add-opens=java.base/java.util.concurrent=ALL-UNNAMED
25-Oct-2023 15:06:26.842 INFO [main] org.apache.catalina.startup.VersionLoggerListener.log Command line argument:             --add-opens=java.rmi/sun.rmi.transport=ALL-UNNAMED
25-Oct-2023 15:06:26.842 INFO [main] org.apache.catalina.startup.VersionLoggerListener.log Command line argument:             -Dcatalina.home=C:\Users\Maryury\OneDrive\Documentos\tomcat-10.1.15
25-Oct-2023 15:06:26.843 INFO [main] org.apache.catalina.startup.VersionLoggerListener.log Command line argument:             -Dcatalina.base=C:\Users\Maryury\IdeaProjects\restaurante-java\src\main\webapp
25-Oct-2023 15:06:26.843 INFO [main] org.apache.catalina.startup.VersionLoggerListener.log Command line argument:             -Djava.io.tmpdir=C:\Users\Maryury\IdeaProjects\restaurante-java\src\main\webapp\temp
25-Oct-2023 15:06:26.843 INFO [main] org.apache.catalina.startup.VersionLoggerListener.log Command line argument:             -Djava.util.logging.config.file=C:\Users\Maryury\IdeaProjects\restaurante-java\src\main\webapp\conf\logging.properties
25-Oct-2023 15:06:26.843 INFO [main] org.apache.catalina.startup.VersionLoggerListener.log Command line argument:             -Djava.util.logging.manager=org.apache.juli.ClassLoaderLogManager
25-Oct-2023 15:06:26.845 INFO [main] org.apache.catalina.startup.VersionLoggerListener.log Command line argument:             -javaagent:C:\Program Files\JetBrains\IntelliJ IDEA Community Edition 2023.2.4\lib\idea_rt.jar=57821:C:\Program Files\JetBrains\IntelliJ IDEA Community Edition 2023.2.4\bin
25-Oct-2023 15:06:26.845 INFO [main] org.apache.catalina.startup.VersionLoggerListener.log Command line argument:             -Dfile.encoding=UTF-8
25-Oct-2023 15:06:26.846 INFO [main] org.apache.catalina.startup.VersionLoggerListener.log Command line argument:             -Dsun.stdout.encoding=UTF-8
25-Oct-2023 15:06:26.846 INFO [main] org.apache.catalina.startup.VersionLoggerListener.log Command line argument:             -Dsun.stderr.encoding=UTF-8
25-Oct-2023 15:06:26.851 INFO [main] org.apache.catalina.core.AprLifecycleListener.lifecycleEvent Cargada la biblioteca nativa APR de Apache Tomcat [2.0.6] con la versión APR [1.7.4].
25-Oct-2023 15:06:26.860 INFO [main] org.apache.catalina.core.AprLifecycleListener.initializeSSL OpenSSL inicializado correctamente [OpenSSL 3.0.11 19 Sep 2023]
25-Oct-2023 15:06:27.351 INFO [main] org.apache.coyote.AbstractProtocol.init Inicializando el manejador de protocolo ["http-nio-8090"]

25-Oct-2023 15:06:27.375 INFO [main] org.apache.catalina.startup.Catalina.load Server initialization in [894] milliseconds
25-Oct-2023 15:06:27.452 INFO [main] org.apache.catalina.core.StandardService.startInternal Arrancando servicio [Catalina]
25-Oct-2023 15:06:27.452 INFO [main] org.apache.catalina.core.StandardEngine.startInternal Starting Servlet engine: [Apache Tomcat/10.1.15]
25-Oct-2023 15:06:27.470 INFO [main] org.apache.catalina.startup.HostConfig.deployDescriptor Desplieque del descriptor de configuración [C:\Users\Maryury\IdeaProjects\restaurante-java\src\main\webapp\conf\Catalina\localhost\java.xml]
25-Oct-2023 15:06:28.030 INFO [main] org.apache.catalina.startup.HostConfig.deployDescriptor Deployment of deployment descriptor [C:\Users\Maryury\IdeaProjects\restaurante-java\src\main\webapp\conf\Catalina\localhost\java.xml] has finished in [556] ms
25-Oct-2023 15:06:28.034 INFO [main] org.apache.coyote.AbstractProtocol.start Starting ProtocolHandler ["http-nio-8090"]
25-Oct-2023 15:06:28.071 INFO [main] org.apache.catalina.startup.Catalina.start Server startup in [692] milliseconds
25-Oct-2023 15:06:28.080 SEVERE [main] org.apache.catalina.core.StandardServer.await Failed to create server shutdown socket on address [localhost] and port [8005] (base port [8005] and offset [0])
	java.net.BindException: Address already in use: bind
		at java.base/sun.nio.ch.Net.bind0(Native Method)
		at java.base/sun.nio.ch.Net.bind(Net.java:565)
		at java.base/sun.nio.ch.Net.bind(Net.java:554)
		at java.base/sun.nio.ch.NioSocketImpl.bind(NioSocketImpl.java:636)
		at java.base/java.net.ServerSocket.bind(ServerSocket.java:391)
		at java.base/java.net.ServerSocket.<init>(ServerSocket.java:278)
		at org.apache.catalina.core.StandardServer.await(StandardServer.java:577)
		at org.apache.catalina.startup.Catalina.await(Catalina.java:887)
		at org.apache.catalina.startup.Catalina.start(Catalina.java:833)
		at java.base/jdk.internal.reflect.DirectMethodHandleAccessor.invoke(DirectMethodHandleAccessor.java:103)
		at java.base/java.lang.reflect.Method.invoke(Method.java:580)
		at org.apache.catalina.startup.Bootstrap.start(Bootstrap.java:347)
		at org.apache.catalina.startup.Bootstrap.main(Bootstrap.java:478)
25-Oct-2023 15:06:28.081 INFO [main] org.apache.coyote.AbstractProtocol.pause Pausing ProtocolHandler ["http-nio-8090"]
25-Oct-2023 15:06:28.084 INFO [main] org.apache.catalina.core.StandardService.stopInternal Parando servicio [Catalina]
25-Oct-2023 15:06:28.099 INFO [main] org.apache.coyote.AbstractProtocol.stop Stopping ProtocolHandler ["http-nio-8090"]
25-Oct-2023 15:06:28.113 INFO [main] org.apache.coyote.AbstractProtocol.destroy Destroying ProtocolHandler ["http-nio-8090"]
25-Oct-2023 15:10:04.509 INFO [main] org.apache.catalina.startup.VersionLoggerListener.log Nombre de la versión del servidor: Apache Tomcat/10.1.15
25-Oct-2023 15:10:04.514 INFO [main] org.apache.catalina.startup.VersionLoggerListener.log Server built:                      Oct 11 2023 23:38:40 UTC
25-Oct-2023 15:10:04.514 INFO [main] org.apache.catalina.startup.VersionLoggerListener.log Número de versión de servidor:     10.1.15.0
25-Oct-2023 15:10:04.515 INFO [main] org.apache.catalina.startup.VersionLoggerListener.log OS Name:                           Windows 10
25-Oct-2023 15:10:04.515 INFO [main] org.apache.catalina.startup.VersionLoggerListener.log Versión de Systema Operativo:      10.0
25-Oct-2023 15:10:04.515 INFO [main] org.apache.catalina.startup.VersionLoggerListener.log Arquitectura:                      amd64
25-Oct-2023 15:10:04.516 INFO [main] org.apache.catalina.startup.VersionLoggerListener.log Java Home:                         C:\Users\Maryury\.jdks\openjdk-21.0.1
25-Oct-2023 15:10:04.516 INFO [main] org.apache.catalina.startup.VersionLoggerListener.log JVM Version:                       21.0.1+12-29
25-Oct-2023 15:10:04.516 INFO [main] org.apache.catalina.startup.VersionLoggerListener.log Vededor JVM:                       Oracle Corporation
25-Oct-2023 15:10:04.516 INFO [main] org.apache.catalina.startup.VersionLoggerListener.log CATALINA_BASE:                     C:\Users\Maryury\IdeaProjects\restaurante-java\src\main\webapp
25-Oct-2023 15:10:04.516 INFO [main] org.apache.catalina.startup.VersionLoggerListener.log CATALINA_HOME:                     C:\Users\Maryury\OneDrive\Documentos\tomcat-10.1.15
25-Oct-2023 15:10:04.529 INFO [main] org.apache.catalina.startup.VersionLoggerListener.log Command line argument:             --add-opens=java.base/java.lang=ALL-UNNAMED
25-Oct-2023 15:10:04.529 INFO [main] org.apache.catalina.startup.VersionLoggerListener.log Command line argument:             --add-opens=java.base/java.io=ALL-UNNAMED
25-Oct-2023 15:10:04.529 INFO [main] org.apache.catalina.startup.VersionLoggerListener.log Command line argument:             --add-opens=java.base/java.util=ALL-UNNAMED
25-Oct-2023 15:10:04.529 INFO [main] org.apache.catalina.startup.VersionLoggerListener.log Command line argument:             --add-opens=java.base/java.util.concurrent=ALL-UNNAMED
25-Oct-2023 15:10:04.529 INFO [main] org.apache.catalina.startup.VersionLoggerListener.log Command line argument:             --add-opens=java.rmi/sun.rmi.transport=ALL-UNNAMED
25-Oct-2023 15:10:04.529 INFO [main] org.apache.catalina.startup.VersionLoggerListener.log Command line argument:             -Dcatalina.home=C:\Users\Maryury\OneDrive\Documentos\tomcat-10.1.15
25-Oct-2023 15:10:04.529 INFO [main] org.apache.catalina.startup.VersionLoggerListener.log Command line argument:             -Dcatalina.base=C:\Users\Maryury\IdeaProjects\restaurante-java\src\main\webapp
25-Oct-2023 15:10:04.530 INFO [main] org.apache.catalina.startup.VersionLoggerListener.log Command line argument:             -Djava.io.tmpdir=C:\Users\Maryury\IdeaProjects\restaurante-java\src\main\webapp\temp
25-Oct-2023 15:10:04.530 INFO [main] org.apache.catalina.startup.VersionLoggerListener.log Command line argument:             -Djava.util.logging.config.file=C:\Users\Maryury\IdeaProjects\restaurante-java\src\main\webapp\conf\logging.properties
25-Oct-2023 15:10:04.530 INFO [main] org.apache.catalina.startup.VersionLoggerListener.log Command line argument:             -Djava.util.logging.manager=org.apache.juli.ClassLoaderLogManager
25-Oct-2023 15:10:04.531 INFO [main] org.apache.catalina.startup.VersionLoggerListener.log Command line argument:             -javaagent:C:\Program Files\JetBrains\IntelliJ IDEA Community Edition 2023.2.4\lib\idea_rt.jar=57859:C:\Program Files\JetBrains\IntelliJ IDEA Community Edition 2023.2.4\bin
25-Oct-2023 15:10:04.531 INFO [main] org.apache.catalina.startup.VersionLoggerListener.log Command line argument:             -Dfile.encoding=UTF-8
25-Oct-2023 15:10:04.531 INFO [main] org.apache.catalina.startup.VersionLoggerListener.log Command line argument:             -Dsun.stdout.encoding=UTF-8
25-Oct-2023 15:10:04.531 INFO [main] org.apache.catalina.startup.VersionLoggerListener.log Command line argument:             -Dsun.stderr.encoding=UTF-8
25-Oct-2023 15:10:04.538 INFO [main] org.apache.catalina.core.AprLifecycleListener.lifecycleEvent Cargada la biblioteca nativa APR de Apache Tomcat [2.0.6] con la versión APR [1.7.4].
25-Oct-2023 15:10:04.547 INFO [main] org.apache.catalina.core.AprLifecycleListener.initializeSSL OpenSSL inicializado correctamente [OpenSSL 3.0.11 19 Sep 2023]
25-Oct-2023 15:10:05.071 INFO [main] org.apache.coyote.AbstractProtocol.init Inicializando el manejador de protocolo ["http-nio-8081"]

25-Oct-2023 15:10:05.097 INFO [main] org.apache.catalina.startup.Catalina.load Server initialization in [954] milliseconds
25-Oct-2023 15:10:05.175 INFO [main] org.apache.catalina.core.StandardService.startInternal Arrancando servicio [Catalina]
25-Oct-2023 15:10:05.175 INFO [main] org.apache.catalina.core.StandardEngine.startInternal Starting Servlet engine: [Apache Tomcat/10.1.15]
25-Oct-2023 15:10:05.195 INFO [main] org.apache.catalina.startup.HostConfig.deployDescriptor Desplieque del descriptor de configuración [C:\Users\Maryury\IdeaProjects\restaurante-java\src\main\webapp\conf\Catalina\localhost\java.xml]
25-Oct-2023 15:10:05.758 INFO [main] org.apache.catalina.startup.HostConfig.deployDescriptor Deployment of deployment descriptor [C:\Users\Maryury\IdeaProjects\restaurante-java\src\main\webapp\conf\Catalina\localhost\java.xml] has finished in [561] ms
25-Oct-2023 15:10:05.764 INFO [main] org.apache.coyote.AbstractProtocol.start Starting ProtocolHandler ["http-nio-8081"]
25-Oct-2023 15:10:05.801 INFO [main] org.apache.catalina.startup.Catalina.start Server startup in [702] milliseconds
25-Oct-2023 15:10:05.810 SEVERE [main] org.apache.catalina.core.StandardServer.await Failed to create server shutdown socket on address [localhost] and port [8080] (base port [8080] and offset [0])
	java.net.BindException: Address already in use: bind
		at java.base/sun.nio.ch.Net.bind0(Native Method)
		at java.base/sun.nio.ch.Net.bind(Net.java:565)
		at java.base/sun.nio.ch.Net.bind(Net.java:554)
		at java.base/sun.nio.ch.NioSocketImpl.bind(NioSocketImpl.java:636)
		at java.base/java.net.ServerSocket.bind(ServerSocket.java:391)
		at java.base/java.net.ServerSocket.<init>(ServerSocket.java:278)
		at org.apache.catalina.core.StandardServer.await(StandardServer.java:577)
		at org.apache.catalina.startup.Catalina.await(Catalina.java:887)
		at org.apache.catalina.startup.Catalina.start(Catalina.java:833)
		at java.base/jdk.internal.reflect.DirectMethodHandleAccessor.invoke(DirectMethodHandleAccessor.java:103)
		at java.base/java.lang.reflect.Method.invoke(Method.java:580)
		at org.apache.catalina.startup.Bootstrap.start(Bootstrap.java:347)
		at org.apache.catalina.startup.Bootstrap.main(Bootstrap.java:478)
25-Oct-2023 15:10:05.811 INFO [main] org.apache.coyote.AbstractProtocol.pause Pausing ProtocolHandler ["http-nio-8081"]
25-Oct-2023 15:10:05.815 INFO [main] org.apache.catalina.core.StandardService.stopInternal Parando servicio [Catalina]
25-Oct-2023 15:10:05.829 INFO [main] org.apache.coyote.AbstractProtocol.stop Stopping ProtocolHandler ["http-nio-8081"]
25-Oct-2023 15:10:05.844 INFO [main] org.apache.coyote.AbstractProtocol.destroy Destroying ProtocolHandler ["http-nio-8081"]
25-Oct-2023 15:11:21.374 INFO [main] org.apache.catalina.startup.VersionLoggerListener.log Nombre de la versión del servidor: Apache Tomcat/10.1.15
25-Oct-2023 15:11:21.380 INFO [main] org.apache.catalina.startup.VersionLoggerListener.log Server built:                      Oct 11 2023 23:38:40 UTC
25-Oct-2023 15:11:21.380 INFO [main] org.apache.catalina.startup.VersionLoggerListener.log Número de versión de servidor:     10.1.15.0
25-Oct-2023 15:11:21.380 INFO [main] org.apache.catalina.startup.VersionLoggerListener.log OS Name:                           Windows 10
25-Oct-2023 15:11:21.380 INFO [main] org.apache.catalina.startup.VersionLoggerListener.log Versión de Systema Operativo:      10.0
25-Oct-2023 15:11:21.382 INFO [main] org.apache.catalina.startup.VersionLoggerListener.log Arquitectura:                      amd64
25-Oct-2023 15:11:21.382 INFO [main] org.apache.catalina.startup.VersionLoggerListener.log Java Home:                         C:\Users\Maryury\.jdks\openjdk-21.0.1
25-Oct-2023 15:11:21.383 INFO [main] org.apache.catalina.startup.VersionLoggerListener.log JVM Version:                       21.0.1+12-29
25-Oct-2023 15:11:21.383 INFO [main] org.apache.catalina.startup.VersionLoggerListener.log Vededor JVM:                       Oracle Corporation
25-Oct-2023 15:11:21.383 INFO [main] org.apache.catalina.startup.VersionLoggerListener.log CATALINA_BASE:                     C:\Users\Maryury\IdeaProjects\restaurante-java\src\main\webapp
25-Oct-2023 15:11:21.383 INFO [main] org.apache.catalina.startup.VersionLoggerListener.log CATALINA_HOME:                     C:\Users\Maryury\OneDrive\Documentos\tomcat-10.1.15
25-Oct-2023 15:11:21.396 INFO [main] org.apache.catalina.startup.VersionLoggerListener.log Command line argument:             --add-opens=java.base/java.lang=ALL-UNNAMED
25-Oct-2023 15:11:21.396 INFO [main] org.apache.catalina.startup.VersionLoggerListener.log Command line argument:             --add-opens=java.base/java.io=ALL-UNNAMED
25-Oct-2023 15:11:21.396 INFO [main] org.apache.catalina.startup.VersionLoggerListener.log Command line argument:             --add-opens=java.base/java.util=ALL-UNNAMED
25-Oct-2023 15:11:21.396 INFO [main] org.apache.catalina.startup.VersionLoggerListener.log Command line argument:             --add-opens=java.base/java.util.concurrent=ALL-UNNAMED
25-Oct-2023 15:11:21.397 INFO [main] org.apache.catalina.startup.VersionLoggerListener.log Command line argument:             --add-opens=java.rmi/sun.rmi.transport=ALL-UNNAMED
25-Oct-2023 15:11:21.397 INFO [main] org.apache.catalina.startup.VersionLoggerListener.log Command line argument:             -Dcatalina.home=C:\Users\Maryury\OneDrive\Documentos\tomcat-10.1.15
25-Oct-2023 15:11:21.397 INFO [main] org.apache.catalina.startup.VersionLoggerListener.log Command line argument:             -Dcatalina.base=C:\Users\Maryury\IdeaProjects\restaurante-java\src\main\webapp
25-Oct-2023 15:11:21.398 INFO [main] org.apache.catalina.startup.VersionLoggerListener.log Command line argument:             -Djava.io.tmpdir=C:\Users\Maryury\IdeaProjects\restaurante-java\src\main\webapp\temp
25-Oct-2023 15:11:21.398 INFO [main] org.apache.catalina.startup.VersionLoggerListener.log Command line argument:             -Djava.util.logging.config.file=C:\Users\Maryury\IdeaProjects\restaurante-java\src\main\webapp\conf\logging.properties
25-Oct-2023 15:11:21.399 INFO [main] org.apache.catalina.startup.VersionLoggerListener.log Command line argument:             -Djava.util.logging.manager=org.apache.juli.ClassLoaderLogManager
25-Oct-2023 15:11:21.399 INFO [main] org.apache.catalina.startup.VersionLoggerListener.log Command line argument:             -javaagent:C:\Program Files\JetBrains\IntelliJ IDEA Community Edition 2023.2.4\lib\idea_rt.jar=57889:C:\Program Files\JetBrains\IntelliJ IDEA Community Edition 2023.2.4\bin
25-Oct-2023 15:11:21.399 INFO [main] org.apache.catalina.startup.VersionLoggerListener.log Command line argument:             -Dfile.encoding=UTF-8
25-Oct-2023 15:11:21.399 INFO [main] org.apache.catalina.startup.VersionLoggerListener.log Command line argument:             -Dsun.stdout.encoding=UTF-8
25-Oct-2023 15:11:21.399 INFO [main] org.apache.catalina.startup.VersionLoggerListener.log Command line argument:             -Dsun.stderr.encoding=UTF-8
25-Oct-2023 15:11:21.407 INFO [main] org.apache.catalina.core.AprLifecycleListener.lifecycleEvent Cargada la biblioteca nativa APR de Apache Tomcat [2.0.6] con la versión APR [1.7.4].
25-Oct-2023 15:11:21.416 INFO [main] org.apache.catalina.core.AprLifecycleListener.initializeSSL OpenSSL inicializado correctamente [OpenSSL 3.0.11 19 Sep 2023]
25-Oct-2023 15:11:21.940 INFO [main] org.apache.coyote.AbstractProtocol.init Inicializando el manejador de protocolo ["http-nio-8080"]

25-Oct-2023 15:11:21.959 SEVERE [main] org.apache.catalina.util.LifecycleBase.handleSubClassException Fallo al iniciar el componente [Connector["http-nio-8080"]]
	org.apache.catalina.LifecycleException: Falló la inicialización del manejador de protocolo
		at org.apache.catalina.connector.Connector.initInternal(Connector.java:1015)
		at org.apache.catalina.util.LifecycleBase.init(LifecycleBase.java:127)
		at org.apache.catalina.core.StandardService.initInternal(StandardService.java:554)
		at org.apache.catalina.util.LifecycleBase.init(LifecycleBase.java:127)
		at org.apache.catalina.core.StandardServer.initInternal(StandardServer.java:1010)
		at org.apache.catalina.util.LifecycleBase.init(LifecycleBase.java:127)
		at org.apache.catalina.startup.Catalina.load(Catalina.java:747)
		at org.apache.catalina.startup.Catalina.load(Catalina.java:769)
		at java.base/jdk.internal.reflect.DirectMethodHandleAccessor.invoke(DirectMethodHandleAccessor.java:103)
		at java.base/java.lang.reflect.Method.invoke(Method.java:580)
		at org.apache.catalina.startup.Bootstrap.load(Bootstrap.java:307)
		at org.apache.catalina.startup.Bootstrap.main(Bootstrap.java:477)
	Caused by: java.net.BindException: Address already in use: bind
		at java.base/sun.nio.ch.Net.bind0(Native Method)
		at java.base/sun.nio.ch.Net.bind(Net.java:565)
		at java.base/sun.nio.ch.ServerSocketChannelImpl.netBind(ServerSocketChannelImpl.java:344)
		at java.base/sun.nio.ch.ServerSocketChannelImpl.bind(ServerSocketChannelImpl.java:301)
		at org.apache.tomcat.util.net.NioEndpoint.initServerSocket(NioEndpoint.java:247)
		at org.apache.tomcat.util.net.NioEndpoint.bind(NioEndpoint.java:202)
		at org.apache.tomcat.util.net.AbstractEndpoint.bindWithCleanup(AbstractEndpoint.java:1280)
		at org.apache.tomcat.util.net.AbstractEndpoint.init(AbstractEndpoint.java:1293)
		at org.apache.coyote.AbstractProtocol.init(AbstractProtocol.java:624)
		at org.apache.coyote.http11.AbstractHttp11Protocol.init(AbstractHttp11Protocol.java:77)
		at org.apache.catalina.connector.Connector.initInternal(Connector.java:1013)
		... 11 more
25-Oct-2023 15:11:21.960 INFO [main] org.apache.catalina.startup.Catalina.load Server initialization in [975] milliseconds
25-Oct-2023 15:11:22.044 INFO [main] org.apache.catalina.core.StandardService.startInternal Arrancando servicio [Catalina]
25-Oct-2023 15:11:22.044 INFO [main] org.apache.catalina.core.StandardEngine.startInternal Starting Servlet engine: [Apache Tomcat/10.1.15]
25-Oct-2023 15:11:22.065 INFO [main] org.apache.catalina.startup.HostConfig.deployDescriptor Desplieque del descriptor de configuración [C:\Users\Maryury\IdeaProjects\restaurante-java\src\main\webapp\conf\Catalina\localhost\java.xml]
25-Oct-2023 15:11:22.698 INFO [main] org.apache.catalina.startup.HostConfig.deployDescriptor Deployment of deployment descriptor [C:\Users\Maryury\IdeaProjects\restaurante-java\src\main\webapp\conf\Catalina\localhost\java.xml] has finished in [629] ms
25-Oct-2023 15:11:22.705 INFO [main] org.apache.catalina.startup.Catalina.start Server startup in [742] milliseconds
25-Oct-2023 15:11:22.714 SEVERE [main] org.apache.catalina.core.StandardServer.await Failed to create server shutdown socket on address [localhost] and port [8080] (base port [8080] and offset [0])
	java.net.BindException: Address already in use: bind
		at java.base/sun.nio.ch.Net.bind0(Native Method)
		at java.base/sun.nio.ch.Net.bind(Net.java:565)
		at java.base/sun.nio.ch.Net.bind(Net.java:554)
		at java.base/sun.nio.ch.NioSocketImpl.bind(NioSocketImpl.java:636)
		at java.base/java.net.ServerSocket.bind(ServerSocket.java:391)
		at java.base/java.net.ServerSocket.<init>(ServerSocket.java:278)
		at org.apache.catalina.core.StandardServer.await(StandardServer.java:577)
		at org.apache.catalina.startup.Catalina.await(Catalina.java:887)
		at org.apache.catalina.startup.Catalina.start(Catalina.java:833)
		at java.base/jdk.internal.reflect.DirectMethodHandleAccessor.invoke(DirectMethodHandleAccessor.java:103)
		at java.base/java.lang.reflect.Method.invoke(Method.java:580)
		at org.apache.catalina.startup.Bootstrap.start(Bootstrap.java:347)
		at org.apache.catalina.startup.Bootstrap.main(Bootstrap.java:478)
25-Oct-2023 15:11:22.715 INFO [main] org.apache.coyote.AbstractProtocol.pause Pausing ProtocolHandler ["http-nio-8080"]
25-Oct-2023 15:11:22.715 INFO [main] org.apache.catalina.core.StandardService.stopInternal Parando servicio [Catalina]
25-Oct-2023 15:11:22.732 INFO [main] org.apache.coyote.AbstractProtocol.stop Stopping ProtocolHandler ["http-nio-8080"]
25-Oct-2023 15:11:22.734 INFO [main] org.apache.coyote.AbstractProtocol.destroy Destroying ProtocolHandler ["http-nio-8080"]
25-Oct-2023 15:13:00.419 INFO [main] org.apache.catalina.startup.VersionLoggerListener.log Nombre de la versión del servidor: Apache Tomcat/10.1.15
25-Oct-2023 15:13:00.429 INFO [main] org.apache.catalina.startup.VersionLoggerListener.log Server built:                      Oct 11 2023 23:38:40 UTC
25-Oct-2023 15:13:00.430 INFO [main] org.apache.catalina.startup.VersionLoggerListener.log Número de versión de servidor:     10.1.15.0
25-Oct-2023 15:13:00.430 INFO [main] org.apache.catalina.startup.VersionLoggerListener.log OS Name:                           Windows 10
25-Oct-2023 15:13:00.430 INFO [main] org.apache.catalina.startup.VersionLoggerListener.log Versión de Systema Operativo:      10.0
25-Oct-2023 15:13:00.431 INFO [main] org.apache.catalina.startup.VersionLoggerListener.log Arquitectura:                      amd64
25-Oct-2023 15:13:00.431 INFO [main] org.apache.catalina.startup.VersionLoggerListener.log Java Home:                         C:\Users\Maryury\.jdks\openjdk-21.0.1
25-Oct-2023 15:13:00.431 INFO [main] org.apache.catalina.startup.VersionLoggerListener.log JVM Version:                       21.0.1+12-29
25-Oct-2023 15:13:00.431 INFO [main] org.apache.catalina.startup.VersionLoggerListener.log Vededor JVM:                       Oracle Corporation
25-Oct-2023 15:13:00.431 INFO [main] org.apache.catalina.startup.VersionLoggerListener.log CATALINA_BASE:                     C:\Users\Maryury\IdeaProjects\restaurante-java\src\main\webapp
25-Oct-2023 15:13:00.431 INFO [main] org.apache.catalina.startup.VersionLoggerListener.log CATALINA_HOME:                     C:\Users\Maryury\OneDrive\Documentos\tomcat-10.1.15
25-Oct-2023 15:13:00.446 INFO [main] org.apache.catalina.startup.VersionLoggerListener.log Command line argument:             --add-opens=java.base/java.lang=ALL-UNNAMED
25-Oct-2023 15:13:00.446 INFO [main] org.apache.catalina.startup.VersionLoggerListener.log Command line argument:             --add-opens=java.base/java.io=ALL-UNNAMED
25-Oct-2023 15:13:00.446 INFO [main] org.apache.catalina.startup.VersionLoggerListener.log Command line argument:             --add-opens=java.base/java.util=ALL-UNNAMED
25-Oct-2023 15:13:00.446 INFO [main] org.apache.catalina.startup.VersionLoggerListener.log Command line argument:             --add-opens=java.base/java.util.concurrent=ALL-UNNAMED
25-Oct-2023 15:13:00.447 INFO [main] org.apache.catalina.startup.VersionLoggerListener.log Command line argument:             --add-opens=java.rmi/sun.rmi.transport=ALL-UNNAMED
25-Oct-2023 15:13:00.448 INFO [main] org.apache.catalina.startup.VersionLoggerListener.log Command line argument:             -Dcatalina.home=C:\Users\Maryury\OneDrive\Documentos\tomcat-10.1.15
25-Oct-2023 15:13:00.449 INFO [main] org.apache.catalina.startup.VersionLoggerListener.log Command line argument:             -Dcatalina.base=C:\Users\Maryury\IdeaProjects\restaurante-java\src\main\webapp
25-Oct-2023 15:13:00.449 INFO [main] org.apache.catalina.startup.VersionLoggerListener.log Command line argument:             -Djava.io.tmpdir=C:\Users\Maryury\IdeaProjects\restaurante-java\src\main\webapp\temp
25-Oct-2023 15:13:00.451 INFO [main] org.apache.catalina.startup.VersionLoggerListener.log Command line argument:             -Djava.util.logging.config.file=C:\Users\Maryury\IdeaProjects\restaurante-java\src\main\webapp\conf\logging.properties
25-Oct-2023 15:13:00.452 INFO [main] org.apache.catalina.startup.VersionLoggerListener.log Command line argument:             -Djava.util.logging.manager=org.apache.juli.ClassLoaderLogManager
25-Oct-2023 15:13:00.452 INFO [main] org.apache.catalina.startup.VersionLoggerListener.log Command line argument:             -javaagent:C:\Program Files\JetBrains\IntelliJ IDEA Community Edition 2023.2.4\lib\idea_rt.jar=57904:C:\Program Files\JetBrains\IntelliJ IDEA Community Edition 2023.2.4\bin
25-Oct-2023 15:13:00.452 INFO [main] org.apache.catalina.startup.VersionLoggerListener.log Command line argument:             -Dfile.encoding=UTF-8
25-Oct-2023 15:13:00.452 INFO [main] org.apache.catalina.startup.VersionLoggerListener.log Command line argument:             -Dsun.stdout.encoding=UTF-8
25-Oct-2023 15:13:00.452 INFO [main] org.apache.catalina.startup.VersionLoggerListener.log Command line argument:             -Dsun.stderr.encoding=UTF-8
25-Oct-2023 15:13:00.458 INFO [main] org.apache.catalina.core.AprLifecycleListener.lifecycleEvent Cargada la biblioteca nativa APR de Apache Tomcat [2.0.6] con la versión APR [1.7.4].
25-Oct-2023 15:13:00.467 INFO [main] org.apache.catalina.core.AprLifecycleListener.initializeSSL OpenSSL inicializado correctamente [OpenSSL 3.0.11 19 Sep 2023]
25-Oct-2023 15:13:00.995 INFO [main] org.apache.coyote.AbstractProtocol.init Inicializando el manejador de protocolo ["http-nio-8080"]

25-Oct-2023 15:13:01.008 SEVERE [main] org.apache.catalina.util.LifecycleBase.handleSubClassException Fallo al iniciar el componente [Connector["http-nio-8080"]]
	org.apache.catalina.LifecycleException: Falló la inicialización del manejador de protocolo
		at org.apache.catalina.connector.Connector.initInternal(Connector.java:1015)
		at org.apache.catalina.util.LifecycleBase.init(LifecycleBase.java:127)
		at org.apache.catalina.core.StandardService.initInternal(StandardService.java:554)
		at org.apache.catalina.util.LifecycleBase.init(LifecycleBase.java:127)
		at org.apache.catalina.core.StandardServer.initInternal(StandardServer.java:1010)
		at org.apache.catalina.util.LifecycleBase.init(LifecycleBase.java:127)
		at org.apache.catalina.startup.Catalina.load(Catalina.java:747)
		at org.apache.catalina.startup.Catalina.load(Catalina.java:769)
		at java.base/jdk.internal.reflect.DirectMethodHandleAccessor.invoke(DirectMethodHandleAccessor.java:103)
		at java.base/java.lang.reflect.Method.invoke(Method.java:580)
		at org.apache.catalina.startup.Bootstrap.load(Bootstrap.java:307)
		at org.apache.catalina.startup.Bootstrap.main(Bootstrap.java:477)
	Caused by: java.net.BindException: Address already in use: bind
		at java.base/sun.nio.ch.Net.bind0(Native Method)
		at java.base/sun.nio.ch.Net.bind(Net.java:565)
		at java.base/sun.nio.ch.ServerSocketChannelImpl.netBind(ServerSocketChannelImpl.java:344)
		at java.base/sun.nio.ch.ServerSocketChannelImpl.bind(ServerSocketChannelImpl.java:301)
		at org.apache.tomcat.util.net.NioEndpoint.initServerSocket(NioEndpoint.java:247)
		at org.apache.tomcat.util.net.NioEndpoint.bind(NioEndpoint.java:202)
		at org.apache.tomcat.util.net.AbstractEndpoint.bindWithCleanup(AbstractEndpoint.java:1280)
		at org.apache.tomcat.util.net.AbstractEndpoint.init(AbstractEndpoint.java:1293)
		at org.apache.coyote.AbstractProtocol.init(AbstractProtocol.java:624)
		at org.apache.coyote.http11.AbstractHttp11Protocol.init(AbstractHttp11Protocol.java:77)
		at org.apache.catalina.connector.Connector.initInternal(Connector.java:1013)
		... 11 more
25-Oct-2023 15:13:01.011 INFO [main] org.apache.catalina.startup.Catalina.load Server initialization in [1009] milliseconds
25-Oct-2023 15:13:01.085 INFO [main] org.apache.catalina.core.StandardService.startInternal Arrancando servicio [Catalina]
25-Oct-2023 15:13:01.085 INFO [main] org.apache.catalina.core.StandardEngine.startInternal Starting Servlet engine: [Apache Tomcat/10.1.15]
25-Oct-2023 15:13:01.104 INFO [main] org.apache.catalina.startup.HostConfig.deployDescriptor Desplieque del descriptor de configuración [C:\Users\Maryury\IdeaProjects\restaurante-java\src\main\webapp\conf\Catalina\localhost\java.xml]
25-Oct-2023 15:13:01.701 INFO [main] org.apache.catalina.startup.HostConfig.deployDescriptor Deployment of deployment descriptor [C:\Users\Maryury\IdeaProjects\restaurante-java\src\main\webapp\conf\Catalina\localhost\java.xml] has finished in [594] ms
25-Oct-2023 15:13:01.709 INFO [main] org.apache.catalina.startup.Catalina.start Server startup in [696] milliseconds
25-Oct-2023 15:13:01.721 SEVERE [main] org.apache.catalina.core.StandardServer.await Failed to create server shutdown socket on address [localhost] and port [8080] (base port [8080] and offset [0])
	java.net.BindException: Address already in use: bind
		at java.base/sun.nio.ch.Net.bind0(Native Method)
		at java.base/sun.nio.ch.Net.bind(Net.java:565)
		at java.base/sun.nio.ch.Net.bind(Net.java:554)
		at java.base/sun.nio.ch.NioSocketImpl.bind(NioSocketImpl.java:636)
		at java.base/java.net.ServerSocket.bind(ServerSocket.java:391)
		at java.base/java.net.ServerSocket.<init>(ServerSocket.java:278)
		at org.apache.catalina.core.StandardServer.await(StandardServer.java:577)
		at org.apache.catalina.startup.Catalina.await(Catalina.java:887)
		at org.apache.catalina.startup.Catalina.start(Catalina.java:833)
		at java.base/jdk.internal.reflect.DirectMethodHandleAccessor.invoke(DirectMethodHandleAccessor.java:103)
		at java.base/java.lang.reflect.Method.invoke(Method.java:580)
		at org.apache.catalina.startup.Bootstrap.start(Bootstrap.java:347)
		at org.apache.catalina.startup.Bootstrap.main(Bootstrap.java:478)
25-Oct-2023 15:13:01.721 INFO [main] org.apache.coyote.AbstractProtocol.pause Pausing ProtocolHandler ["http-nio-8080"]
25-Oct-2023 15:13:01.722 INFO [main] org.apache.catalina.core.StandardService.stopInternal Parando servicio [Catalina]
25-Oct-2023 15:13:01.738 INFO [main] org.apache.coyote.AbstractProtocol.stop Stopping ProtocolHandler ["http-nio-8080"]
25-Oct-2023 15:13:01.738 INFO [main] org.apache.coyote.AbstractProtocol.destroy Destroying ProtocolHandler ["http-nio-8080"]
25-Oct-2023 15:31:44.450 INFO [main] org.apache.catalina.startup.VersionLoggerListener.log Nombre de la versión del servidor: Apache Tomcat/10.1.15
25-Oct-2023 15:31:44.459 INFO [main] org.apache.catalina.startup.VersionLoggerListener.log Server built:                      Oct 11 2023 23:38:40 UTC
25-Oct-2023 15:31:44.459 INFO [main] org.apache.catalina.startup.VersionLoggerListener.log Número de versión de servidor:     10.1.15.0
25-Oct-2023 15:31:44.460 INFO [main] org.apache.catalina.startup.VersionLoggerListener.log OS Name:                           Windows 10
25-Oct-2023 15:31:44.460 INFO [main] org.apache.catalina.startup.VersionLoggerListener.log Versión de Systema Operativo:      10.0
25-Oct-2023 15:31:44.460 INFO [main] org.apache.catalina.startup.VersionLoggerListener.log Arquitectura:                      amd64
25-Oct-2023 15:31:44.460 INFO [main] org.apache.catalina.startup.VersionLoggerListener.log Java Home:                         C:\Users\Maryury\.jdks\openjdk-21.0.1
25-Oct-2023 15:31:44.460 INFO [main] org.apache.catalina.startup.VersionLoggerListener.log JVM Version:                       21.0.1+12-29
25-Oct-2023 15:31:44.461 INFO [main] org.apache.catalina.startup.VersionLoggerListener.log Vededor JVM:                       Oracle Corporation
25-Oct-2023 15:31:44.461 INFO [main] org.apache.catalina.startup.VersionLoggerListener.log CATALINA_BASE:                     C:\Users\Maryury\IdeaProjects\restaurante-java\src\main\webapp
25-Oct-2023 15:31:44.461 INFO [main] org.apache.catalina.startup.VersionLoggerListener.log CATALINA_HOME:                     C:\Users\Maryury\OneDrive\Documentos\tomcat-10.1.15
25-Oct-2023 15:31:44.485 INFO [main] org.apache.catalina.startup.VersionLoggerListener.log Command line argument:             --add-opens=java.base/java.lang=ALL-UNNAMED
25-Oct-2023 15:31:44.486 INFO [main] org.apache.catalina.startup.VersionLoggerListener.log Command line argument:             --add-opens=java.base/java.io=ALL-UNNAMED
25-Oct-2023 15:31:44.486 INFO [main] org.apache.catalina.startup.VersionLoggerListener.log Command line argument:             --add-opens=java.base/java.util=ALL-UNNAMED
25-Oct-2023 15:31:44.486 INFO [main] org.apache.catalina.startup.VersionLoggerListener.log Command line argument:             --add-opens=java.base/java.util.concurrent=ALL-UNNAMED
25-Oct-2023 15:31:44.487 INFO [main] org.apache.catalina.startup.VersionLoggerListener.log Command line argument:             --add-opens=java.rmi/sun.rmi.transport=ALL-UNNAMED
25-Oct-2023 15:31:44.488 INFO [main] org.apache.catalina.startup.VersionLoggerListener.log Command line argument:             -Dcatalina.home=C:\Users\Maryury\OneDrive\Documentos\tomcat-10.1.15
25-Oct-2023 15:31:44.488 INFO [main] org.apache.catalina.startup.VersionLoggerListener.log Command line argument:             -Dcatalina.base=C:\Users\Maryury\IdeaProjects\restaurante-java\src\main\webapp
25-Oct-2023 15:31:44.489 INFO [main] org.apache.catalina.startup.VersionLoggerListener.log Command line argument:             -Djava.io.tmpdir=C:\Users\Maryury\IdeaProjects\restaurante-java\src\main\webapp\temp
25-Oct-2023 15:31:44.489 INFO [main] org.apache.catalina.startup.VersionLoggerListener.log Command line argument:             -Djava.util.logging.config.file=C:\Users\Maryury\IdeaProjects\restaurante-java\src\main\webapp\conf\logging.properties
25-Oct-2023 15:31:44.489 INFO [main] org.apache.catalina.startup.VersionLoggerListener.log Command line argument:             -Djava.util.logging.manager=org.apache.juli.ClassLoaderLogManager
25-Oct-2023 15:31:44.490 INFO [main] org.apache.catalina.startup.VersionLoggerListener.log Command line argument:             -javaagent:C:\Program Files\JetBrains\IntelliJ IDEA Community Edition 2023.2.4\lib\idea_rt.jar=58050:C:\Program Files\JetBrains\IntelliJ IDEA Community Edition 2023.2.4\bin
25-Oct-2023 15:31:44.490 INFO [main] org.apache.catalina.startup.VersionLoggerListener.log Command line argument:             -Dfile.encoding=UTF-8
25-Oct-2023 15:31:44.490 INFO [main] org.apache.catalina.startup.VersionLoggerListener.log Command line argument:             -Dsun.stdout.encoding=UTF-8
25-Oct-2023 15:31:44.490 INFO [main] org.apache.catalina.startup.VersionLoggerListener.log Command line argument:             -Dsun.stderr.encoding=UTF-8
25-Oct-2023 15:31:44.499 INFO [main] org.apache.catalina.core.AprLifecycleListener.lifecycleEvent Cargada la biblioteca nativa APR de Apache Tomcat [2.0.6] con la versión APR [1.7.4].
25-Oct-2023 15:31:44.535 INFO [main] org.apache.catalina.core.AprLifecycleListener.initializeSSL OpenSSL inicializado correctamente [OpenSSL 3.0.11 19 Sep 2023]
25-Oct-2023 15:31:45.119 INFO [main] org.apache.coyote.AbstractProtocol.init Inicializando el manejador de protocolo ["http-nio-8080"]

25-Oct-2023 15:31:45.143 SEVERE [main] org.apache.catalina.util.LifecycleBase.handleSubClassException Fallo al iniciar el componente [Connector["http-nio-8080"]]
	org.apache.catalina.LifecycleException: Falló la inicialización del manejador de protocolo
		at org.apache.catalina.connector.Connector.initInternal(Connector.java:1015)
		at org.apache.catalina.util.LifecycleBase.init(LifecycleBase.java:127)
		at org.apache.catalina.core.StandardService.initInternal(StandardService.java:554)
		at org.apache.catalina.util.LifecycleBase.init(LifecycleBase.java:127)
		at org.apache.catalina.core.StandardServer.initInternal(StandardServer.java:1010)
		at org.apache.catalina.util.LifecycleBase.init(LifecycleBase.java:127)
		at org.apache.catalina.startup.Catalina.load(Catalina.java:747)
		at org.apache.catalina.startup.Catalina.load(Catalina.java:769)
		at java.base/jdk.internal.reflect.DirectMethodHandleAccessor.invoke(DirectMethodHandleAccessor.java:103)
		at java.base/java.lang.reflect.Method.invoke(Method.java:580)
		at org.apache.catalina.startup.Bootstrap.load(Bootstrap.java:307)
		at org.apache.catalina.startup.Bootstrap.main(Bootstrap.java:477)
	Caused by: java.net.BindException: Address already in use: bind
		at java.base/sun.nio.ch.Net.bind0(Native Method)
		at java.base/sun.nio.ch.Net.bind(Net.java:565)
		at java.base/sun.nio.ch.ServerSocketChannelImpl.netBind(ServerSocketChannelImpl.java:344)
		at java.base/sun.nio.ch.ServerSocketChannelImpl.bind(ServerSocketChannelImpl.java:301)
		at org.apache.tomcat.util.net.NioEndpoint.initServerSocket(NioEndpoint.java:247)
		at org.apache.tomcat.util.net.NioEndpoint.bind(NioEndpoint.java:202)
		at org.apache.tomcat.util.net.AbstractEndpoint.bindWithCleanup(AbstractEndpoint.java:1280)
		at org.apache.tomcat.util.net.AbstractEndpoint.init(AbstractEndpoint.java:1293)
		at org.apache.coyote.AbstractProtocol.init(AbstractProtocol.java:624)
		at org.apache.coyote.http11.AbstractHttp11Protocol.init(AbstractHttp11Protocol.java:77)
		at org.apache.catalina.connector.Connector.initInternal(Connector.java:1013)
		... 11 more
25-Oct-2023 15:31:45.147 INFO [main] org.apache.catalina.startup.Catalina.load Server initialization in [1036] milliseconds
25-Oct-2023 15:31:45.280 INFO [main] org.apache.catalina.core.StandardService.startInternal Arrancando servicio [Catalina]
25-Oct-2023 15:31:45.281 INFO [main] org.apache.catalina.core.StandardEngine.startInternal Starting Servlet engine: [Apache Tomcat/10.1.15]
25-Oct-2023 15:31:45.300 INFO [main] org.apache.catalina.startup.HostConfig.deployDescriptor Desplieque del descriptor de configuración [C:\Users\Maryury\IdeaProjects\restaurante-java\src\main\webapp\conf\Catalina\localhost\java.xml]
25-Oct-2023 15:31:46.078 INFO [main] org.apache.catalina.startup.HostConfig.deployDescriptor Deployment of deployment descriptor [C:\Users\Maryury\IdeaProjects\restaurante-java\src\main\webapp\conf\Catalina\localhost\java.xml] has finished in [773] ms
25-Oct-2023 15:31:46.084 INFO [main] org.apache.catalina.startup.Catalina.start Server startup in [936] milliseconds
25-Oct-2023 15:31:46.094 SEVERE [main] org.apache.catalina.core.StandardServer.await Failed to create server shutdown socket on address [localhost] and port [8080] (base port [8080] and offset [0])
	java.net.BindException: Address already in use: bind
		at java.base/sun.nio.ch.Net.bind0(Native Method)
		at java.base/sun.nio.ch.Net.bind(Net.java:565)
		at java.base/sun.nio.ch.Net.bind(Net.java:554)
		at java.base/sun.nio.ch.NioSocketImpl.bind(NioSocketImpl.java:636)
		at java.base/java.net.ServerSocket.bind(ServerSocket.java:391)
		at java.base/java.net.ServerSocket.<init>(ServerSocket.java:278)
		at org.apache.catalina.core.StandardServer.await(StandardServer.java:577)
		at org.apache.catalina.startup.Catalina.await(Catalina.java:887)
		at org.apache.catalina.startup.Catalina.start(Catalina.java:833)
		at java.base/jdk.internal.reflect.DirectMethodHandleAccessor.invoke(DirectMethodHandleAccessor.java:103)
		at java.base/java.lang.reflect.Method.invoke(Method.java:580)
		at org.apache.catalina.startup.Bootstrap.start(Bootstrap.java:347)
		at org.apache.catalina.startup.Bootstrap.main(Bootstrap.java:478)
25-Oct-2023 15:31:46.095 INFO [main] org.apache.coyote.AbstractProtocol.pause Pausing ProtocolHandler ["http-nio-8080"]
25-Oct-2023 15:31:46.095 INFO [main] org.apache.catalina.core.StandardService.stopInternal Parando servicio [Catalina]
25-Oct-2023 15:31:46.110 INFO [main] org.apache.coyote.AbstractProtocol.stop Stopping ProtocolHandler ["http-nio-8080"]
25-Oct-2023 15:31:46.111 INFO [main] org.apache.coyote.AbstractProtocol.destroy Destroying ProtocolHandler ["http-nio-8080"]
25-Oct-2023 17:21:02.644 INFO [main] org.apache.catalina.startup.VersionLoggerListener.log Nombre de la versión del servidor: Apache Tomcat/10.1.15
25-Oct-2023 17:21:02.650 INFO [main] org.apache.catalina.startup.VersionLoggerListener.log Server built:                      Oct 11 2023 23:38:40 UTC
25-Oct-2023 17:21:02.651 INFO [main] org.apache.catalina.startup.VersionLoggerListener.log Número de versión de servidor:     10.1.15.0
25-Oct-2023 17:21:02.651 INFO [main] org.apache.catalina.startup.VersionLoggerListener.log OS Name:                           Windows 10
25-Oct-2023 17:21:02.651 INFO [main] org.apache.catalina.startup.VersionLoggerListener.log Versión de Systema Operativo:      10.0
25-Oct-2023 17:21:02.652 INFO [main] org.apache.catalina.startup.VersionLoggerListener.log Arquitectura:                      amd64
25-Oct-2023 17:21:02.652 INFO [main] org.apache.catalina.startup.VersionLoggerListener.log Java Home:                         C:\Users\Maryury\.jdks\openjdk-21.0.1
25-Oct-2023 17:21:02.652 INFO [main] org.apache.catalina.startup.VersionLoggerListener.log JVM Version:                       21.0.1+12-29
25-Oct-2023 17:21:02.652 INFO [main] org.apache.catalina.startup.VersionLoggerListener.log Vededor JVM:                       Oracle Corporation
25-Oct-2023 17:21:02.652 INFO [main] org.apache.catalina.startup.VersionLoggerListener.log CATALINA_BASE:                     C:\Users\Maryury\IdeaProjects\restaurante-java\src\main\webapp
25-Oct-2023 17:21:02.653 INFO [main] org.apache.catalina.startup.VersionLoggerListener.log CATALINA_HOME:                     C:\Users\Maryury\OneDrive\Documentos\tomcat-10.1.15
25-Oct-2023 17:21:02.667 INFO [main] org.apache.catalina.startup.VersionLoggerListener.log Command line argument:             --add-opens=java.base/java.lang=ALL-UNNAMED
25-Oct-2023 17:21:02.667 INFO [main] org.apache.catalina.startup.VersionLoggerListener.log Command line argument:             --add-opens=java.base/java.io=ALL-UNNAMED
25-Oct-2023 17:21:02.668 INFO [main] org.apache.catalina.startup.VersionLoggerListener.log Command line argument:             --add-opens=java.base/java.util=ALL-UNNAMED
25-Oct-2023 17:21:02.668 INFO [main] org.apache.catalina.startup.VersionLoggerListener.log Command line argument:             --add-opens=java.base/java.util.concurrent=ALL-UNNAMED
25-Oct-2023 17:21:02.668 INFO [main] org.apache.catalina.startup.VersionLoggerListener.log Command line argument:             --add-opens=java.rmi/sun.rmi.transport=ALL-UNNAMED
25-Oct-2023 17:21:02.668 INFO [main] org.apache.catalina.startup.VersionLoggerListener.log Command line argument:             -Dcatalina.home=C:\Users\Maryury\OneDrive\Documentos\tomcat-10.1.15
25-Oct-2023 17:21:02.668 INFO [main] org.apache.catalina.startup.VersionLoggerListener.log Command line argument:             -Dcatalina.base=C:\Users\Maryury\IdeaProjects\restaurante-java\src\main\webapp
25-Oct-2023 17:21:02.668 INFO [main] org.apache.catalina.startup.VersionLoggerListener.log Command line argument:             -Djava.io.tmpdir=C:\Users\Maryury\IdeaProjects\restaurante-java\src\main\webapp\temp
25-Oct-2023 17:21:02.671 INFO [main] org.apache.catalina.startup.VersionLoggerListener.log Command line argument:             -Djava.util.logging.config.file=C:\Users\Maryury\IdeaProjects\restaurante-java\src\main\webapp\conf\logging.properties
25-Oct-2023 17:21:02.671 INFO [main] org.apache.catalina.startup.VersionLoggerListener.log Command line argument:             -Djava.util.logging.manager=org.apache.juli.ClassLoaderLogManager
25-Oct-2023 17:21:02.671 INFO [main] org.apache.catalina.startup.VersionLoggerListener.log Command line argument:             -javaagent:C:\Program Files\JetBrains\IntelliJ IDEA Community Edition 2023.2.4\lib\idea_rt.jar=60344:C:\Program Files\JetBrains\IntelliJ IDEA Community Edition 2023.2.4\bin
25-Oct-2023 17:21:02.671 INFO [main] org.apache.catalina.startup.VersionLoggerListener.log Command line argument:             -Dfile.encoding=UTF-8
25-Oct-2023 17:21:02.672 INFO [main] org.apache.catalina.startup.VersionLoggerListener.log Command line argument:             -Dsun.stdout.encoding=UTF-8
25-Oct-2023 17:21:02.672 INFO [main] org.apache.catalina.startup.VersionLoggerListener.log Command line argument:             -Dsun.stderr.encoding=UTF-8
25-Oct-2023 17:21:02.681 INFO [main] org.apache.catalina.core.AprLifecycleListener.lifecycleEvent Cargada la biblioteca nativa APR de Apache Tomcat [2.0.6] con la versión APR [1.7.4].
25-Oct-2023 17:21:02.719 INFO [main] org.apache.catalina.core.AprLifecycleListener.initializeSSL OpenSSL inicializado correctamente [OpenSSL 3.0.11 19 Sep 2023]
25-Oct-2023 17:21:03.284 INFO [main] org.apache.coyote.AbstractProtocol.init Inicializando el manejador de protocolo ["http-nio-8080"]

25-Oct-2023 17:21:03.299 SEVERE [main] org.apache.catalina.util.LifecycleBase.handleSubClassException Fallo al iniciar el componente [Connector["http-nio-8080"]]
	org.apache.catalina.LifecycleException: Falló la inicialización del manejador de protocolo
		at org.apache.catalina.connector.Connector.initInternal(Connector.java:1015)
		at org.apache.catalina.util.LifecycleBase.init(LifecycleBase.java:127)
		at org.apache.catalina.core.StandardService.initInternal(StandardService.java:554)
		at org.apache.catalina.util.LifecycleBase.init(LifecycleBase.java:127)
		at org.apache.catalina.core.StandardServer.initInternal(StandardServer.java:1010)
		at org.apache.catalina.util.LifecycleBase.init(LifecycleBase.java:127)
		at org.apache.catalina.startup.Catalina.load(Catalina.java:747)
		at org.apache.catalina.startup.Catalina.load(Catalina.java:769)
		at java.base/jdk.internal.reflect.DirectMethodHandleAccessor.invoke(DirectMethodHandleAccessor.java:103)
		at java.base/java.lang.reflect.Method.invoke(Method.java:580)
		at org.apache.catalina.startup.Bootstrap.load(Bootstrap.java:307)
		at org.apache.catalina.startup.Bootstrap.main(Bootstrap.java:477)
	Caused by: java.net.BindException: Address already in use: bind
		at java.base/sun.nio.ch.Net.bind0(Native Method)
		at java.base/sun.nio.ch.Net.bind(Net.java:565)
		at java.base/sun.nio.ch.ServerSocketChannelImpl.netBind(ServerSocketChannelImpl.java:344)
		at java.base/sun.nio.ch.ServerSocketChannelImpl.bind(ServerSocketChannelImpl.java:301)
		at org.apache.tomcat.util.net.NioEndpoint.initServerSocket(NioEndpoint.java:247)
		at org.apache.tomcat.util.net.NioEndpoint.bind(NioEndpoint.java:202)
		at org.apache.tomcat.util.net.AbstractEndpoint.bindWithCleanup(AbstractEndpoint.java:1280)
		at org.apache.tomcat.util.net.AbstractEndpoint.init(AbstractEndpoint.java:1293)
		at org.apache.coyote.AbstractProtocol.init(AbstractProtocol.java:624)
		at org.apache.coyote.http11.AbstractHttp11Protocol.init(AbstractHttp11Protocol.java:77)
		at org.apache.catalina.connector.Connector.initInternal(Connector.java:1013)
		... 11 more
25-Oct-2023 17:21:03.300 INFO [main] org.apache.catalina.startup.Catalina.load Server initialization in [1039] milliseconds
25-Oct-2023 17:21:03.384 INFO [main] org.apache.catalina.core.StandardService.startInternal Arrancando servicio [Catalina]
25-Oct-2023 17:21:03.384 INFO [main] org.apache.catalina.core.StandardEngine.startInternal Starting Servlet engine: [Apache Tomcat/10.1.15]
25-Oct-2023 17:21:03.403 INFO [main] org.apache.catalina.startup.HostConfig.deployDescriptor Desplieque del descriptor de configuración [C:\Users\Maryury\IdeaProjects\restaurante-java\src\main\webapp\conf\Catalina\localhost\java.xml]
25-Oct-2023 17:21:04.120 INFO [main] org.apache.catalina.startup.HostConfig.deployDescriptor Deployment of deployment descriptor [C:\Users\Maryury\IdeaProjects\restaurante-java\src\main\webapp\conf\Catalina\localhost\java.xml] has finished in [713] ms
25-Oct-2023 17:21:04.130 INFO [main] org.apache.catalina.startup.Catalina.start Server startup in [827] milliseconds
25-Oct-2023 17:21:04.138 SEVERE [main] org.apache.catalina.core.StandardServer.await Failed to create server shutdown socket on address [localhost] and port [8080] (base port [8080] and offset [0])
	java.net.BindException: Address already in use: bind
		at java.base/sun.nio.ch.Net.bind0(Native Method)
		at java.base/sun.nio.ch.Net.bind(Net.java:565)
		at java.base/sun.nio.ch.Net.bind(Net.java:554)
		at java.base/sun.nio.ch.NioSocketImpl.bind(NioSocketImpl.java:636)
		at java.base/java.net.ServerSocket.bind(ServerSocket.java:391)
		at java.base/java.net.ServerSocket.<init>(ServerSocket.java:278)
		at org.apache.catalina.core.StandardServer.await(StandardServer.java:577)
		at org.apache.catalina.startup.Catalina.await(Catalina.java:887)
		at org.apache.catalina.startup.Catalina.start(Catalina.java:833)
		at java.base/jdk.internal.reflect.DirectMethodHandleAccessor.invoke(DirectMethodHandleAccessor.java:103)
		at java.base/java.lang.reflect.Method.invoke(Method.java:580)
		at org.apache.catalina.startup.Bootstrap.start(Bootstrap.java:347)
		at org.apache.catalina.startup.Bootstrap.main(Bootstrap.java:478)
25-Oct-2023 17:21:04.139 INFO [main] org.apache.coyote.AbstractProtocol.pause Pausing ProtocolHandler ["http-nio-8080"]
25-Oct-2023 17:21:04.140 INFO [main] org.apache.catalina.core.StandardService.stopInternal Parando servicio [Catalina]
25-Oct-2023 17:21:04.156 INFO [main] org.apache.coyote.AbstractProtocol.stop Stopping ProtocolHandler ["http-nio-8080"]
25-Oct-2023 17:21:04.156 INFO [main] org.apache.coyote.AbstractProtocol.destroy Destroying ProtocolHandler ["http-nio-8080"]
